01:23:29.030	COM12
01:23:29.030	COM11
01:23:29.030	COM10
01:23:29.030	COM9
01:23:29.030	COM8
01:23:29.030	COM7
01:23:29.030	COM6
01:23:29.030	COM5
01:23:29.030	COM4
01:23:29.040	--> 0108000304FF0000
01:23:29.060	<-- TRF7970A EVM 


01:23:29.060	**** COM Port found! ****
01:23:39.089	--> 010A0003041001210000
01:23:39.089	COM4
01:23:39.666	<-- Register write request.


01:23:39.666	--> 010C00030410002101020000
01:23:40.176	<-- Register write request.


01:23:40.176	--> 0109000304F0000000
01:23:40.586	<-- AGC Toggle

01:23:40.586	--> 0109000304F1FF0000
01:23:40.996	<-- AM PM Toggle

01:23:51.648	--> 010C0003041802AA07880000
01:23:52.068	<-- Request mode.
[2D00]

